<?xml version="1.0" encoding="utf-8" standalone="no"?>
<!--This file represents the results of running a test suite-->
<test-results name="F:\git\GoogleTest\GoogleTest\GoogleTest\bin\Debug\GoogleTest.dll" total="2" errors="0" failures="0" not-run="0" inconclusive="0" ignored="0" skipped="0" invalid="0" date="2015-11-16" time="10:25:07">
  <environment nunit-version="2.6.4.14350" clr-version="2.0.50727.8669" os-version="Microsoft Windows NT 6.2.9200.0" platform="Win32NT" cwd="F:\git\GoogleTest\GoogleTest" machine-name="DESKTOP-CTCDPAK" user="ChauQ" user-domain="DESKTOP-CTCDPAK" />
  <culture-info current-culture="en-GB" current-uiculture="en-GB" />
  <test-suite type="Assembly" name="F:\git\GoogleTest\GoogleTest\GoogleTest\bin\Debug\GoogleTest.dll" executed="True" result="Success" success="True" time="10.726" asserts="0">
    <results>
      <test-suite type="Namespace" name="GoogleTest" executed="True" result="Success" success="True" time="10.720" asserts="0">
        <results>
          <test-suite type="TestFixture" name="GoogleSearchFeature" description="GoogleSearch" executed="True" result="Success" success="True" time="10.719" asserts="0">
            <results>
              <test-case name="GoogleTest.GoogleSearchFeature.VerifyTheSearchFunctionalityOfGoogleSearchPage" description="Verify the search Functionality of Google Search page" executed="True" result="Success" success="True" time="6.116" asserts="0" />
              <test-case name="GoogleTest.GoogleSearchFeature.VerifyTheSpecFlowCanPass" description="Verify the SpecFlow can pass" executed="True" result="Success" success="True" time="4.372" asserts="0" />
            </results>
          </test-suite>
        </results>
      </test-suite>
    </results>
  </test-suite>
</test-results>