<?xml version="1.0" encoding="utf-8" standalone="no"?>
<!--This file represents the results of running a test suite-->
<test-results name="F:\git\GoogleTest\GoogleTest\GoogleTest\bin\Debug\GoogleTest.dll" total="2" errors="1" failures="0" not-run="0" inconclusive="0" ignored="0" skipped="0" invalid="0" date="2015-11-13" time="16:55:15">
  <environment nunit-version="2.6.4.14350" clr-version="2.0.50727.8662" os-version="Microsoft Windows NT 6.2.9200.0" platform="Win32NT" cwd="F:\git\GoogleTest\GoogleTest" machine-name="DESKTOP-CTCDPAK" user="ChauQ" user-domain="DESKTOP-CTCDPAK" />
  <culture-info current-culture="en-GB" current-uiculture="en-GB" />
  <test-suite type="Assembly" name="F:\git\GoogleTest\GoogleTest\GoogleTest\bin\Debug\GoogleTest.dll" executed="True" result="Failure" success="False" time="11.147" asserts="0">
    <results>
      <test-suite type="Namespace" name="GoogleTest" executed="True" result="Failure" success="False" time="11.140" asserts="0">
        <results>
          <test-suite type="TestFixture" name="GoogleSearchFeature" description="GoogleSearch" executed="True" result="Failure" success="False" time="11.138" asserts="0">
            <results>
              <test-case name="GoogleTest.GoogleSearchFeature.VerifyTheSearchFunctionalityOfGoogleSearchPage" description="Verify the search Functionality of Google Search page" executed="True" result="Success" success="True" time="6.239" asserts="0" />
              <test-case name="GoogleTest.GoogleSearchFeature.VerifyTheSpecFlowCanFail" description="Verify the SpecFlow can fail" executed="True" result="Error" success="False" time="4.613" asserts="0">
                <failure>
                  <message><![CDATA[Microsoft.VisualStudio.TestTools.UnitTesting.AssertFailedException : Assert.AreEqual failed. Expected:<SpecFlow - Cucumber for .NET>. Actual:<FAIL Blog - Funny FAIL Pictures and Videos - epic fail ...>. ]]></message>
                  <stack-trace><![CDATA[at Microsoft.VisualStudio.TestTools.UnitTesting.Assert.HandleFailure(String assertionName, String message)
at Microsoft.VisualStudio.TestTools.UnitTesting.Assert.AreEqual[T](T expected, T actual, String message, Object[] parameters)
at Microsoft.VisualStudio.TestTools.UnitTesting.Assert.AreEqual[T](T expected, T actual)
at GoogleTest.GoogleSearchFeatureSteps.ThenSearchItemsShowsTheItemsRelatedToSpecFlow() in f:\git\GoogleTest\GoogleTest\GoogleTest\GoogleSearchFeatureSteps.cs:line 59
at TechTalk.SpecFlow.Bindings.BindingInvoker.InvokeBinding(IBinding binding, IContextManager contextManager, Object[] arguments, ITestTracer testTracer, TimeSpan& duration)
at TechTalk.SpecFlow.Infrastructure.TestExecutionEngine.ExecuteStepMatch(BindingMatch match, Object[] arguments)
at TechTalk.SpecFlow.Infrastructure.TestExecutionEngine.ExecuteStep(StepInstance stepInstance)
at TechTalk.SpecFlow.Infrastructure.TestExecutionEngine.OnAfterLastStep()
at GoogleTest.GoogleSearchFeature.ScenarioCleanup() in f:\git\GoogleTest\GoogleTest\GoogleTest\GoogleSearchFeature.feature.cs:line 0
at GoogleTest.GoogleSearchFeature.VerifyTheSpecFlowCanFail() in f:\git\GoogleTest\GoogleTest\GoogleTest\GoogleSearchFeature.feature:line 19
]]></stack-trace>
                </failure>
              </test-case>
            </results>
          </test-suite>
        </results>
      </test-suite>
    </results>
  </test-suite>
</test-results>